<?xml version="1.0" encoding="UTF-8"?>
<!-- Generated by org.testng.reporters.JUnitXMLReporter -->
<testsuite ignored="2" hostname="Girish" failures="0" tests="2" name="Test" time="0.249" errors="0" timestamp="2023-08-16T12:37:10 IST">
  <testcase classname="practice.AddPatientTest" name="managePatientTest" time="0.03"/>
  <testcase classname="practice.AppointmentTest" name="viewAppointment" time="0.006"/>
  <testcase classname="practice.AppointmentTest" name="cancelAppointment" time="0.0">
    <ignored/>
  </testcase> <!-- cancelAppointment -->
  <testcase classname="practice.AddPatientTest" name="addPatientTest" time="0.0">
    <ignored/>
  </testcase> <!-- addPatientTest -->
</testsuite> <!-- Test -->
