<?xml version="1.0" encoding="UTF-8"?>
<testng-results ignored="1" total="2" passed="1" failed="0" skipped="0">
  <reporter-output>
  </reporter-output>
  <suite started-at="2023-08-16T14:52:17 IST" name="Failed suite [Default suite]" finished-at="2023-08-16T14:52:18 IST" duration-ms="198">
    <groups>
      <group name="regression">
        <method signature="AddPatientTest.addPatientTest()[pri:0, instance:practice.AddPatientTest@19e4fcac]" name="addPatientTest" class="practice.AddPatientTest"/>
      </group> <!-- regression -->
    </groups>
    <test started-at="2023-08-16T14:52:17 IST" name="Default test(failed)" finished-at="2023-08-16T14:52:18 IST" duration-ms="198">
      <class name="practice.AddPatientTest">
        <test-method signature="addPatientTest()[pri:0, instance:practice.AddPatientTest@19e4fcac]" started-at="2023-08-16T14:52:17 IST" name="addPatientTest" finished-at="2023-08-16T14:52:17 IST" duration-ms="25" status="PASS">
          <reporter-output>
          </reporter-output>
        </test-method> <!-- addPatientTest -->
      </class> <!-- practice.AddPatientTest -->
    </test> <!-- Default test(failed) -->
  </suite> <!-- Failed suite [Default suite] -->
</testng-results>
