<?xml version="1.0" encoding="UTF-8"?>
<!-- Generated by org.testng.reporters.JUnitXMLReporter -->
<testsuite ignored="1" hostname="Girish" failures="0" tests="1" name="Default test(failed)" time="0.198" errors="0" timestamp="2023-08-16T14:52:18 IST">
  <testcase classname="practice.AddPatientTest" name="addPatientTest" time="0.025"/>
  <testcase classname="practice.AddPatientTest" name="managePatientTest" time="0.0">
    <ignored/>
  </testcase> <!-- managePatientTest -->
</testsuite> <!-- Default test(failed) -->
